<?xml version="1.0" encoding="UTF-8"?>

<beans xmlns="http://www.springframework.org/schema/beans"
	xmlns:xsi="http://www.w3.org/2001/XMLSchema-instance" 	
	xmlns:context="http://www.springframework.org/schema/context"
	xsi:schemaLocation="
    http://www.springframework.org/schema/beans 
    http://www.springframework.org/schema/beans/spring-beans-3.1.xsd"
    profile="test">
 
 	<bean id="miTestUtils" class="es.udc.fi.lbd.monuzz.id.blogs.TestUtils"/> 

</beans>	
